#
# A fatal error has been detected by the Java Runtime Environment:
#
#  EXCEPTION_ACCESS_VIOLATION (0xc0000005) at pc=0x00000008, pid=3928, tid=5592
#
# JRE version: 6.0_23-b05
# Java VM: Java HotSpot(TM) Client VM (19.0-b09 mixed mode, sharing windows-x86 )
# Problematic frame:
# C  0x00000008
#
# If you would like to submit a bug report, please visit:
#   http://java.sun.com/webapps/bugreport/crash.jsp
#

---------------  T H R E A D  ---------------

Current thread (0x004a9400):  JavaThread "main" [_thread_in_Java, id=5592, stack(0x00430000,0x00480000)]

siginfo: ExceptionCode=0xc0000005, reading address 0x00000008

Registers:
EAX=0x3450bdd0, EBX=0x3450d4e0, ECX=0x26c7cec8, EDX=0x26c7cec8
ESP=0x0047f62c, EBP=0x0047f704, ESI=0x24488e48, EDI=0x00000002
EIP=0x00000008, EFLAGS=0x00010202

Register to memory mapping:

EAX=0x3450bdd0
{constant pool cache} 
 - klass: {other class}

EBX=0x3450d4e0
java.lang.String 
 - klass: 'java/lang/String'

ECX=0x26c7cec8

[error occurred during error reporting (printing registers, top of stack, instructions near pc), id 0xc0000005]

Stack: [0x00430000,0x00480000],  sp=0x0047f62c,  free space=317k
Native frames: (J=compiled Java code, j=interpreted, Vv=VM code, C=native code)
C  0x00000008
j  flex2.compiler.Source.copy()Lflex2/compiler/Source;+119
J  flex2.compiler.SourcePathBase.findSource(Ljava/lang/String;Ljava/lang/String;Ljava/lang/String;)Lflex2/compiler/Source;
j  flex2.compiler.CompilerAPI.compile(Lflex2/compiler/FileSpec;Lflex2/compiler/SourceList;Ljava/util/Collection;Lflex2/compiler/SourcePath;Lflex2/compiler/ResourceContainer;Lflex2/compiler/ResourceBundlePath;Lflex2/compiler/CompilerSwcContext;Lflex2/compiler/SymbolTable;Lflex2/compiler/util/NameMappings;Lflex2/compiler/common/Configuration;[Lflex2/compiler/SubCompiler;Lflex2/compiler/PreLink;Ljava/util/Map;Ljava/util/List;)Ljava/util/List;+484
j  flex2.tools.Fcsh.compile_mxmlc(Lflex2/tools/Target;)V+505
j  flex2.tools.Fcsh.compile(Ljava/lang/String;)V+31
j  flex2.tools.Fcsh.process(Ljava/lang/String;)V+505
j  flex2.tools.Fcsh.main([Ljava/lang/String;)V+107
v  ~StubRoutines::call_stub
V  [jvm.dll+0xf33c9]
V  [jvm.dll+0x188a91]
V  [jvm.dll+0xf344d]
V  [jvm.dll+0xfce3c]
V  [jvm.dll+0x104a8d]
C  [java.exe+0x2155]
C  [java.exe+0x85b4]
C  [kernel32.dll+0x1336a]
C  [ntdll.dll+0x39f72]
C  [ntdll.dll+0x39f45]


---------------  P R O C E S S  ---------------

Java Threads: ( => current thread )
  0x0547dc00 JavaThread "Image Fetcher 0" daemon [_thread_blocked, id=6412, stack(0x05b80000,0x05bd0000)]
  0x04d80400 JavaThread "AWT-Windows" daemon [_thread_in_native, id=1832, stack(0x05c10000,0x05c60000)]
  0x05323c00 JavaThread "Java2D Disposer" daemon [_thread_blocked, id=2912, stack(0x059d0000,0x05a20000)]
  0x02453000 JavaThread "Low Memory Detector" daemon [_thread_blocked, id=6344, stack(0x049e0000,0x04a30000)]
  0x0244cc00 JavaThread "CompilerThread0" daemon [_thread_blocked, id=3416, stack(0x04950000,0x049a0000)]
  0x02449800 JavaThread "Attach Listener" daemon [_thread_blocked, id=2540, stack(0x048c0000,0x04910000)]
  0x02446800 JavaThread "Signal Dispatcher" daemon [_thread_blocked, id=4276, stack(0x04830000,0x04880000)]
  0x02440000 JavaThread "Finalizer" daemon [_thread_blocked, id=6408, stack(0x047a0000,0x047f0000)]
  0x0243ec00 JavaThread "Reference Handler" daemon [_thread_blocked, id=6036, stack(0x04710000,0x04760000)]
=>0x004a9400 JavaThread "main" [_thread_in_Java, id=5592, stack(0x00430000,0x00480000)]

Other Threads:
  0x0243c800 VMThread [stack: 0x04680000,0x046d0000] [id=5300]
  0x0245d000 WatcherThread [stack: 0x04a70000,0x04ac0000] [id=3816]

VM state:not at safepoint (normal execution)

VM Mutex/Monitor currently owned by a thread: None

Heap
 def new generation   total 40640K, used 36261K [0x1c480000, 0x1f090000, 0x24480000)
  eden space 36160K,  98% used [0x1c480000, 0x1e7357f8, 0x1e7d0000)
  from space 4480K,  16% used [0x1e7d0000, 0x1e883d78, 0x1ec30000)
  to   space 4480K,   0% used [0x1ec30000, 0x1ec30000, 0x1f090000)
 tenured generation   total 90216K, used 86727K [0x24480000, 0x29c9a000, 0x34480000)
   the space 90216K,  96% used [0x24480000, 0x29931fc8, 0x29932000, 0x29c9a000)
 compacting perm gen  total 14336K, used 14222K [0x34480000, 0x35280000, 0x38480000)
   the space 14336K,  99% used [0x34480000, 0x35263a68, 0x35263c00, 0x35280000)
    ro space 10240K,  51% used [0x38480000, 0x389abd20, 0x389abe00, 0x38e80000)
    rw space 12288K,  54% used [0x38e80000, 0x39517d58, 0x39517e00, 0x39a80000)

Dynamic libraries:
0x00400000 - 0x00424000 	C:\Windows\SysWOW64\java.exe
0x77140000 - 0x772c0000 	C:\Windows\SysWOW64\ntdll.dll
0x76760000 - 0x76870000 	C:\Windows\syswow64\kernel32.dll
0x75ef0000 - 0x75f37000 	C:\Windows\syswow64\KERNELBASE.dll
0x75a10000 - 0x75ab0000 	C:\Windows\syswow64\ADVAPI32.dll
0x76250000 - 0x762fc000 	C:\Windows\syswow64\msvcrt.dll
0x76870000 - 0x76889000 	C:\Windows\SysWOW64\sechost.dll
0x76670000 - 0x76760000 	C:\Windows\syswow64\RPCRT4.dll
0x74ba0000 - 0x74c00000 	C:\Windows\syswow64\SspiCli.dll
0x74b90000 - 0x74b9c000 	C:\Windows\syswow64\CRYPTBASE.dll
0x7c340000 - 0x7c396000 	C:\Program Files (x86)\Java\jre6\bin\msvcr71.dll
0x6d7f0000 - 0x6da9c000 	C:\Program Files (x86)\Java\jre6\bin\client\jvm.dll
0x74cc0000 - 0x74dc0000 	C:\Windows\syswow64\USER32.dll
0x76890000 - 0x76920000 	C:\Windows\syswow64\GDI32.dll
0x75ad0000 - 0x75ada000 	C:\Windows\syswow64\LPK.dll
0x76560000 - 0x765fd000 	C:\Windows\syswow64\USP10.dll
0x72310000 - 0x72342000 	C:\Windows\SysWOW64\WINMM.dll
0x763d0000 - 0x76430000 	C:\Windows\system32\IMM32.DLL
0x76b50000 - 0x76c1c000 	C:\Windows\syswow64\MSCTF.dll
0x72a90000 - 0x72adc000 	C:\Windows\system32\apphelp.dll
0x6d7a0000 - 0x6d7ac000 	C:\Program Files (x86)\Java\jre6\bin\verify.dll
0x6d320000 - 0x6d33f000 	C:\Program Files (x86)\Java\jre6\bin\java.dll
0x6d280000 - 0x6d288000 	C:\Program Files (x86)\Java\jre6\bin\hpi.dll
0x76380000 - 0x76385000 	C:\Windows\syswow64\PSAPI.DLL
0x6d7e0000 - 0x6d7ef000 	C:\Program Files (x86)\Java\jre6\bin\zip.dll
0x6d000000 - 0x6d14a000 	C:\Program Files (x86)\Java\jre6\bin\awt.dll
0x72c10000 - 0x72c61000 	C:\Windows\SysWOW64\WINSPOOL.DRV
0x75f40000 - 0x7609c000 	C:\Windows\syswow64\ole32.dll
0x72ec0000 - 0x7305e000 	C:\Windows\WinSxS\x86_microsoft.windows.common-controls_6595b64144ccf1df_6.0.7601.17514_none_41e6975e2bd6f2b2\COMCTL32.dll
0x74c00000 - 0x74c57000 	C:\Windows\syswow64\SHLWAPI.dll
0x71af0000 - 0x71b03000 	C:\Windows\SysWOW64\DWMAPI.DLL
0x72b90000 - 0x72c10000 	C:\Windows\system32\uxtheme.dll
0x10000000 - 0x10037000 	C:\Program Files (x86)\ATI Technologies\HydraVision\HydraDMH.dll
0x05c60000 - 0x05c9e000 	C:\Program Files (x86)\ATI Technologies\HydraVision\HydraGH.dll
0x76920000 - 0x769af000 	C:\Windows\syswow64\OLEAUT32.dll
0x73170000 - 0x731c8000 	C:\Program Files (x86)\Common Files\microsoft shared\ink\tiptsf.dll
0x72af0000 - 0x72af9000 	C:\Windows\SysWOW64\version.dll

VM Arguments:
jvm_args: -Xmx384m -Dsun.io.useCanonCaches=false -Duser.language=en -Duser.region=US -Dapplication.home=C:\Program Files (x86)\FlashDevelop\Tools\flexsdk 
java_command: C:\Program Files (x86)\FlashDevelop\Tools\flexsdk\lib\fcsh.jar
Launcher Type: SUN_STANDARD

Environment Variables:
PATH=C:\Program Files (x86)\AMD APP\bin\x86_64;C:\Program Files (x86)\AMD APP\bin\x86;C:\Program Files\Common Files\Microsoft Shared\Windows Live;C:\Windows\system32;C:\Windows;C:\Windows\System32\Wbem;C:\Windows\System32\WindowsPowerShell\v1.0\;C:\Program Files (x86)\ATI Technologies\ATI.ACE\Core-Static;C:\Program Files\Common Files\Autodesk Shared\;C:\Program Files (x86)\Common Files\Ulead Systems\MPEG;C:\Program Files (x86)\Autodesk\Backburner\;C:\Program Files\Common Files\Microsoft Shared\Windows Live
USERNAME=Keith
OS=Windows_NT
PROCESSOR_IDENTIFIER=AMD64 Family 16 Model 4 Stepping 3, AuthenticAMD



---------------  S Y S T E M  ---------------

OS: Windows 7 Build 7601 Service Pack 1

CPU:total 4 (4 cores per cpu, 1 threads per core) family 16 model 4 stepping 3, cmov, cx8, fxsr, mmx, sse, sse2, sse3, popcnt, mmxext, 3dnow, 3dnowext, lzcnt, sse4a

Memory: 4k page, physical 4192440k(1457204k free), swap 8383016k(4997780k free)

vm_info: Java HotSpot(TM) Client VM (19.0-b09) for windows-x86 JRE (1.6.0_23-b05), built on Nov 12 2010 15:00:43 by "java_re" with MS VC++ 7.1 (VS2003)

time: Sun Nov 17 15:40:53 2013
elapsed time: 2039 seconds

